c:\users\lashmawy\documents\test\debug\stockquoter_common\i386\vc140.pdb
c:\users\lashmawy\documents\test\debug\stockquoter_common\i386\vc140.idb
c:\users\lashmawy\documents\test\debug\stockquoter_common\i386\subscriber.obj
c:\users\lashmawy\documents\test\debug\stockquoter_common\i386\stockquotertypesupports.obj
c:\users\lashmawy\documents\test\debug\stockquoter_common\i386\stockquotertypesupportimpl.obj
c:\users\lashmawy\documents\test\debug\stockquoter_common\i386\stockquotertypesupportc.obj
c:\users\lashmawy\documents\test\debug\stockquoter_common\i386\stockquoters.obj
c:\users\lashmawy\documents\test\debug\stockquoter_common\i386\stockquoterc.obj
c:\users\lashmawy\documents\test\debug\stockquoter_common\i386\quotedatareaderlistenerimpl.obj
c:\users\lashmawy\documents\test\debug\stockquoter_common\i386\exchangeeventdatareaderlistenerimpl.obj
c:\users\lashmawy\documents\test\stockquotertypesupportc.cpp
c:\users\lashmawy\documents\test\stockquotertypesupportc.h
c:\users\lashmawy\documents\test\stockquotertypesupportc.inl
c:\users\lashmawy\documents\test\stockquotertypesupports.cpp
c:\users\lashmawy\documents\test\stockquotertypesupports.h
c:\users\lashmawy\documents\test\stockquoterc.cpp
c:\users\lashmawy\documents\test\stockquoterc.h
c:\users\lashmawy\documents\test\stockquoterc.inl
c:\users\lashmawy\documents\test\stockquoters.cpp
c:\users\lashmawy\documents\test\stockquoters.h
c:\users\lashmawy\documents\test\stockquotertypesupport.idl
c:\users\lashmawy\documents\test\stockquotertypesupportimpl.cpp
c:\users\lashmawy\documents\test\stockquotertypesupportimpl.h
c:\users\lashmawy\documents\test\debug\stockquoter_common\i386\stockquo.fe0bd037.tlog\cl.command.1.tlog
c:\users\lashmawy\documents\test\debug\stockquoter_common\i386\stockquo.fe0bd037.tlog\cl.read.1.tlog
c:\users\lashmawy\documents\test\debug\stockquoter_common\i386\stockquo.fe0bd037.tlog\cl.write.1.tlog
c:\users\lashmawy\documents\test\debug\stockquoter_common\i386\stockquo.fe0bd037.tlog\custombuild.command.1.tlog
c:\users\lashmawy\documents\test\debug\stockquoter_common\i386\stockquo.fe0bd037.tlog\custombuild.read.1.tlog
c:\users\lashmawy\documents\test\debug\stockquoter_common\i386\stockquo.fe0bd037.tlog\custombuild.write.1.tlog
